<?xml version="1.0" encoding="UTF-8"?>
<testsuite xmlns:xsi="http://www.w3.org/2001/XMLSchema-instance" xsi:noNamespaceSchemaLocation="https://maven.apache.org/surefire/maven-surefire-plugin/xsd/surefire-test-report.xsd" name="tt.sso.query.AppTest" time="0.033" tests="1" errors="0" skipped="0" failures="0">
  <properties>
    <property name="gopherProxySet" value="false"/>
    <property name="awt.toolkit" value="sun.lwawt.macosx.LWCToolkit"/>
    <property name="file.encoding.pkg" value="sun.io"/>
    <property name="java.specification.version" value="1.8"/>
    <property name="sun.cpu.isalist" value=""/>
    <property name="sun.jnu.encoding" value="UTF-8"/>
    <property name="java.class.path" value="/Users/darius/Documents/WorkSpace/JavaProject/TT-project/tt-sso-query-api/target/test-classes:/Users/darius/Documents/WorkSpace/JavaProject/TT-project/tt-sso-query-api/target/classes:/Users/darius/Documents/WorkTool/java/repository/tt/parent/tt-common/1.0-SNAPSHOT/tt-common-1.0-SNAPSHOT.jar:/Users/darius/Documents/WorkTool/java/repository/redis/clients/jedis/2.6.0/jedis-2.6.0.jar:/Users/darius/Documents/WorkTool/java/repository/org/apache/commons/commons-pool2/2.0/commons-pool2-2.0.jar:/Users/darius/Documents/WorkTool/java/repository/com/fasterxml/jackson/core/jackson-databind/2.4.2/jackson-databind-2.4.2.jar:/Users/darius/Documents/WorkTool/java/repository/com/fasterxml/jackson/core/jackson-annotations/2.4.0/jackson-annotations-2.4.0.jar:/Users/darius/Documents/WorkTool/java/repository/com/fasterxml/jackson/core/jackson-core/2.4.2/jackson-core-2.4.2.jar:/Users/darius/Documents/WorkTool/java/repository/org/springframework/spring-web/4.1.3.RELEASE/spring-web-4.1.3.RELEASE.jar:/Users/darius/Documents/WorkTool/java/repository/org/springframework/spring-aop/4.1.3.RELEASE/spring-aop-4.1.3.RELEASE.jar:/Users/darius/Documents/WorkTool/java/repository/aopalliance/aopalliance/1.0/aopalliance-1.0.jar:/Users/darius/Documents/WorkTool/java/repository/org/springframework/spring-beans/4.1.3.RELEASE/spring-beans-4.1.3.RELEASE.jar:/Users/darius/Documents/WorkTool/java/repository/org/springframework/spring-context/4.1.3.RELEASE/spring-context-4.1.3.RELEASE.jar:/Users/darius/Documents/WorkTool/java/repository/org/springframework/spring-expression/4.1.3.RELEASE/spring-expression-4.1.3.RELEASE.jar:/Users/darius/Documents/WorkTool/java/repository/org/springframework/spring-core/4.1.3.RELEASE/spring-core-4.1.3.RELEASE.jar:/Users/darius/Documents/WorkTool/java/repository/commons-io/commons-io/1.3.2/commons-io-1.3.2.jar:/Users/darius/Documents/WorkTool/java/repository/org/apache/commons/commons-lang3/3.3.2/commons-lang3-3.3.2.jar:/Users/darius/Documents/WorkTool/java/repository/org/apache/httpcomponents/httpclient/4.3.5/httpclient-4.3.5.jar:/Users/darius/Documents/WorkTool/java/repository/org/apache/httpcomponents/httpcore/4.3.2/httpcore-4.3.2.jar:/Users/darius/Documents/WorkTool/java/repository/commons-logging/commons-logging/1.1.3/commons-logging-1.1.3.jar:/Users/darius/Documents/WorkTool/java/repository/commons-codec/commons-codec/1.9/commons-codec-1.9.jar:/Users/darius/Documents/WorkTool/java/repository/org/slf4j/slf4j-log4j12/1.6.4/slf4j-log4j12-1.6.4.jar:/Users/darius/Documents/WorkTool/java/repository/org/slf4j/slf4j-api/1.7.2/slf4j-api-1.7.2.jar:/Users/darius/Documents/WorkTool/java/repository/log4j/log4j/1.2.16/log4j-1.2.16.jar:/Users/darius/Documents/WorkTool/java/repository/junit/junit/4.11/junit-4.11.jar:/Users/darius/Documents/WorkTool/java/repository/org/hamcrest/hamcrest-core/1.3/hamcrest-core-1.3.jar:"/>
    <property name="java.vm.vendor" value="Oracle Corporation"/>
    <property name="sun.arch.data.model" value="64"/>
    <property name="java.vendor.url" value="http://java.oracle.com/"/>
    <property name="user.timezone" value=""/>
    <property name="java.vm.specification.version" value="1.8"/>
    <property name="os.name" value="Mac OS X"/>
    <property name="user.country" value="CN"/>
    <property name="sun.java.launcher" value="SUN_STANDARD"/>
    <property name="sun.boot.library.path" value="/Library/Java/JavaVirtualMachines/jdk1.8.0_181.jdk/Contents/Home/jre/lib"/>
    <property name="sun.java.command" value="/Users/darius/Documents/WorkSpace/JavaProject/TT-project/tt-sso-query-api/target/surefire/surefirebooter8352989411972366492.jar /Users/darius/Documents/WorkSpace/JavaProject/TT-project/tt-sso-query-api/target/surefire 2019-04-03T22-45-14_286-jvmRun1 surefire6018775071305861898tmp surefire_08745654442773197269tmp"/>
    <property name="surefire.test.class.path" value="/Users/darius/Documents/WorkSpace/JavaProject/TT-project/tt-sso-query-api/target/test-classes:/Users/darius/Documents/WorkSpace/JavaProject/TT-project/tt-sso-query-api/target/classes:/Users/darius/Documents/WorkTool/java/repository/tt/parent/tt-common/1.0-SNAPSHOT/tt-common-1.0-SNAPSHOT.jar:/Users/darius/Documents/WorkTool/java/repository/redis/clients/jedis/2.6.0/jedis-2.6.0.jar:/Users/darius/Documents/WorkTool/java/repository/org/apache/commons/commons-pool2/2.0/commons-pool2-2.0.jar:/Users/darius/Documents/WorkTool/java/repository/com/fasterxml/jackson/core/jackson-databind/2.4.2/jackson-databind-2.4.2.jar:/Users/darius/Documents/WorkTool/java/repository/com/fasterxml/jackson/core/jackson-annotations/2.4.0/jackson-annotations-2.4.0.jar:/Users/darius/Documents/WorkTool/java/repository/com/fasterxml/jackson/core/jackson-core/2.4.2/jackson-core-2.4.2.jar:/Users/darius/Documents/WorkTool/java/repository/org/springframework/spring-web/4.1.3.RELEASE/spring-web-4.1.3.RELEASE.jar:/Users/darius/Documents/WorkTool/java/repository/org/springframework/spring-aop/4.1.3.RELEASE/spring-aop-4.1.3.RELEASE.jar:/Users/darius/Documents/WorkTool/java/repository/aopalliance/aopalliance/1.0/aopalliance-1.0.jar:/Users/darius/Documents/WorkTool/java/repository/org/springframework/spring-beans/4.1.3.RELEASE/spring-beans-4.1.3.RELEASE.jar:/Users/darius/Documents/WorkTool/java/repository/org/springframework/spring-context/4.1.3.RELEASE/spring-context-4.1.3.RELEASE.jar:/Users/darius/Documents/WorkTool/java/repository/org/springframework/spring-expression/4.1.3.RELEASE/spring-expression-4.1.3.RELEASE.jar:/Users/darius/Documents/WorkTool/java/repository/org/springframework/spring-core/4.1.3.RELEASE/spring-core-4.1.3.RELEASE.jar:/Users/darius/Documents/WorkTool/java/repository/commons-io/commons-io/1.3.2/commons-io-1.3.2.jar:/Users/darius/Documents/WorkTool/java/repository/org/apache/commons/commons-lang3/3.3.2/commons-lang3-3.3.2.jar:/Users/darius/Documents/WorkTool/java/repository/org/apache/httpcomponents/httpclient/4.3.5/httpclient-4.3.5.jar:/Users/darius/Documents/WorkTool/java/repository/org/apache/httpcomponents/httpcore/4.3.2/httpcore-4.3.2.jar:/Users/darius/Documents/WorkTool/java/repository/commons-logging/commons-logging/1.1.3/commons-logging-1.1.3.jar:/Users/darius/Documents/WorkTool/java/repository/commons-codec/commons-codec/1.9/commons-codec-1.9.jar:/Users/darius/Documents/WorkTool/java/repository/org/slf4j/slf4j-log4j12/1.6.4/slf4j-log4j12-1.6.4.jar:/Users/darius/Documents/WorkTool/java/repository/org/slf4j/slf4j-api/1.7.2/slf4j-api-1.7.2.jar:/Users/darius/Documents/WorkTool/java/repository/log4j/log4j/1.2.16/log4j-1.2.16.jar:/Users/darius/Documents/WorkTool/java/repository/junit/junit/4.11/junit-4.11.jar:/Users/darius/Documents/WorkTool/java/repository/org/hamcrest/hamcrest-core/1.3/hamcrest-core-1.3.jar:"/>
    <property name="sun.cpu.endian" value="little"/>
    <property name="user.home" value="/Users/darius"/>
    <property name="user.language" value="zh"/>
    <property name="java.specification.vendor" value="Oracle Corporation"/>
    <property name="java.home" value="/Library/Java/JavaVirtualMachines/jdk1.8.0_181.jdk/Contents/Home/jre"/>
    <property name="basedir" value="/Users/darius/Documents/WorkSpace/JavaProject/TT-project/tt-sso-query-api"/>
    <property name="file.separator" value="/"/>
    <property name="line.separator" value="&#10;"/>
    <property name="java.vm.specification.vendor" value="Oracle Corporation"/>
    <property name="java.specification.name" value="Java Platform API Specification"/>
    <property name="java.awt.graphicsenv" value="sun.awt.CGraphicsEnvironment"/>
    <property name="surefire.real.class.path" value="/Users/darius/Documents/WorkSpace/JavaProject/TT-project/tt-sso-query-api/target/surefire/surefirebooter8352989411972366492.jar"/>
    <property name="sun.boot.class.path" value="/Library/Java/JavaVirtualMachines/jdk1.8.0_181.jdk/Contents/Home/jre/lib/resources.jar:/Library/Java/JavaVirtualMachines/jdk1.8.0_181.jdk/Contents/Home/jre/lib/rt.jar:/Library/Java/JavaVirtualMachines/jdk1.8.0_181.jdk/Contents/Home/jre/lib/sunrsasign.jar:/Library/Java/JavaVirtualMachines/jdk1.8.0_181.jdk/Contents/Home/jre/lib/jsse.jar:/Library/Java/JavaVirtualMachines/jdk1.8.0_181.jdk/Contents/Home/jre/lib/jce.jar:/Library/Java/JavaVirtualMachines/jdk1.8.0_181.jdk/Contents/Home/jre/lib/charsets.jar:/Library/Java/JavaVirtualMachines/jdk1.8.0_181.jdk/Contents/Home/jre/lib/jfr.jar:/Library/Java/JavaVirtualMachines/jdk1.8.0_181.jdk/Contents/Home/jre/classes"/>
    <property name="sun.management.compiler" value="HotSpot 64-Bit Tiered Compilers"/>
    <property name="java.runtime.version" value="1.8.0_181-b13"/>
    <property name="user.name" value="darius"/>
    <property name="path.separator" value=":"/>
    <property name="os.version" value="10.14"/>
    <property name="java.endorsed.dirs" value="/Library/Java/JavaVirtualMachines/jdk1.8.0_181.jdk/Contents/Home/jre/lib/endorsed"/>
    <property name="java.runtime.name" value="Java(TM) SE Runtime Environment"/>
    <property name="file.encoding" value="US-ASCII"/>
    <property name="java.vm.name" value="Java HotSpot(TM) 64-Bit Server VM"/>
    <property name="localRepository" value="/Users/darius/Documents/WorkTool/java/repository"/>
    <property name="java.vendor.url.bug" value="http://bugreport.sun.com/bugreport/"/>
    <property name="java.io.tmpdir" value="/var/folders/35/9_d0pwmj6mb01ql99g28fkyw0000gn/T/"/>
    <property name="java.version" value="1.8.0_181"/>
    <property name="user.dir" value="/Users/darius/Documents/WorkSpace/JavaProject/TT-project/tt-sso-query-api"/>
    <property name="os.arch" value="x86_64"/>
    <property name="java.vm.specification.name" value="Java Virtual Machine Specification"/>
    <property name="java.awt.printerjob" value="sun.lwawt.macosx.CPrinterJob"/>
    <property name="sun.os.patch.level" value="unknown"/>
    <property name="idea.version2019.1" value="true"/>
    <property name="java.library.path" value="/Users/darius/Library/Java/Extensions:/Library/Java/Extensions:/Network/Library/Java/Extensions:/System/Library/Java/Extensions:/usr/lib/java:."/>
    <property name="java.vm.info" value="mixed mode"/>
    <property name="java.vendor" value="Oracle Corporation"/>
    <property name="java.vm.version" value="25.181-b13"/>
    <property name="java.ext.dirs" value="/Users/darius/Library/Java/Extensions:/Library/Java/JavaVirtualMachines/jdk1.8.0_181.jdk/Contents/Home/jre/lib/ext:/Library/Java/Extensions:/Network/Library/Java/Extensions:/System/Library/Java/Extensions:/usr/lib/java"/>
    <property name="sun.io.unicode.encoding" value="UnicodeBig"/>
    <property name="maven.repo.local" value="/Users/darius/Documents/WorkTool/java/repository"/>
    <property name="java.class.version" value="52.0"/>
  </properties>
  <testcase name="shouldAnswerWithTrue" classname="tt.sso.query.AppTest" time="0.002"/>
</testsuite>